<?xml version="1.0" encoding="UTF-8"?>
<robot generator="Robot 7.3.2 (Python 3.10.11 on win32)" generated="2025-08-22T18:18:11.397049" rpa="false" schemaversion="5">
<suite id="s1" name="Testing-Classes" source="C:\PycharmProjects\bharath\testing-classes">
<suite id="s1-s1" name="Tests" source="C:\PycharmProjects\bharath\testing-classes\tests">
<suite id="s1-s1-s1" name="Robot" source="C:\PycharmProjects\bharath\testing-classes\tests\robot">
<suite id="s1-s1-s1-s1" name="Word Count" source="C:\PycharmProjects\bharath\testing-classes\tests\robot\word_count.robot">
<test id="s1-s1-s1-s1-t1" name="To check by using help command" line="17">
<kw name="Run" owner="OperatingSystem">
<msg time="2025-08-22T18:18:11.599325" level="INFO">Running command 'python C:/PycharmProjects/bharath/testing-classes/word_count.py --help 2&gt;&amp;1'.</msg>
<msg time="2025-08-22T18:18:11.676952" level="INFO">${result} = usage: word_count.py [-h] [--sentence SENTENCE]

count of words in sentence

options:
  -h, --help           show this help message and exit
  --sentence SENTENCE  Enter a sentence</msg>
<var>${result}</var>
<arg>${command} --help</arg>
<doc>Runs the given command in the system and returns the output.</doc>
<status status="PASS" start="2025-08-22T18:18:11.589816" elapsed="0.087136"/>
</kw>
<kw name="Should Contain" owner="BuiltIn">
<arg>${result}</arg>
<arg>usage: word_count.py [-h] [--sentence SENTENCE]</arg>
<doc>Fails if ``container`` does not contain ``item`` one or more times.</doc>
<status status="PASS" start="2025-08-22T18:18:11.677951" elapsed="0.000997"/>
</kw>
<kw name="Should Contain" owner="BuiltIn">
<arg>${result}</arg>
<arg>count of words in sentence</arg>
<doc>Fails if ``container`` does not contain ``item`` one or more times.</doc>
<status status="PASS" start="2025-08-22T18:18:11.678948" elapsed="0.000000"/>
</kw>
<doc>to check by using --help command</doc>
<tag>count</tag>
<status status="PASS" start="2025-08-22T18:18:11.587387" elapsed="0.092557"/>
</test>
<test id="s1-s1-s1-s1-t2" name="To check by using sentence without quatation marks" line="27">
<kw name="Run" owner="OperatingSystem">
<msg time="2025-08-22T18:18:11.692909" level="INFO">Running command 'python C:/PycharmProjects/bharath/testing-classes/word_count.py --sentence python is high level programming language 2&gt;&amp;1'.</msg>
<msg time="2025-08-22T18:18:11.768542" level="INFO">${result} = usage: word_count.py [-h] [--sentence SENTENCE]
word_count.py: error: unrecognized arguments: is high level programming language</msg>
<var>${result}</var>
<arg>${command} --sentence python is high level programming language</arg>
<doc>Runs the given command in the system and returns the output.</doc>
<status status="PASS" start="2025-08-22T18:18:11.684933" elapsed="0.084113"/>
</kw>
<kw name="Should Contain" owner="BuiltIn">
<arg>${result}</arg>
<arg>usage: word_count.py [-h] [--sentence SENTENCE]</arg>
<doc>Fails if ``container`` does not contain ``item`` one or more times.</doc>
<status status="PASS" start="2025-08-22T18:18:11.769046" elapsed="0.001116"/>
</kw>
<kw name="Should Contain" owner="BuiltIn">
<arg>${result}</arg>
<arg>word_count.py: error: unrecognized arguments: is high level programming language</arg>
<doc>Fails if ``container`` does not contain ``item`` one or more times.</doc>
<status status="PASS" start="2025-08-22T18:18:11.770162" elapsed="0.000000"/>
</kw>
<doc>To taking sentence without quatation marks</doc>
<tag>count</tag>
<status status="PASS" start="2025-08-22T18:18:11.681939" elapsed="0.088223"/>
</test>
<test id="s1-s1-s1-s1-t3" name="To check possitive scenario by passing sentence" line="36">
<kw name="Run" owner="OperatingSystem">
<msg time="2025-08-22T18:18:11.783665" level="INFO">Running command 'python C:/PycharmProjects/bharath/testing-classes/word_count.py --sentence "python is high level programming language" 2&gt;&amp;1'.</msg>
<msg time="2025-08-22T18:18:11.862335" level="INFO">${result} = word: python
word: is
word: high
word: level
word: programming
word: language
total words: 6</msg>
<var>${result}</var>
<arg>${command} --sentence "python is high level programming language"</arg>
<doc>Runs the given command in the system and returns the output.</doc>
<status status="PASS" start="2025-08-22T18:18:11.774651" elapsed="0.087684"/>
</kw>
<kw name="Should Contain" owner="BuiltIn">
<arg>${result}</arg>
<arg>word: python</arg>
<doc>Fails if ``container`` does not contain ``item`` one or more times.</doc>
<status status="PASS" start="2025-08-22T18:18:11.862335" elapsed="0.001326"/>
</kw>
<kw name="Should Contain" owner="BuiltIn">
<arg>${result}</arg>
<arg>total words: 6</arg>
<doc>Fails if ``container`` does not contain ``item`` one or more times.</doc>
<status status="PASS" start="2025-08-22T18:18:11.863661" elapsed="0.000000"/>
</kw>
<doc>To check by using sentence</doc>
<tag>count</tag>
<status status="PASS" start="2025-08-22T18:18:11.772236" elapsed="0.092425"/>
</test>
<test id="s1-s1-s1-s1-t4" name="To check by without passing any sentence" line="46">
<kw name="Run" owner="OperatingSystem">
<msg time="2025-08-22T18:18:11.875785" level="INFO">Running command 'python C:/PycharmProjects/bharath/testing-classes/word_count.py --sentence 2&gt;&amp;1'.</msg>
<msg time="2025-08-22T18:18:11.951815" level="INFO">${result} = usage: word_count.py [-h] [--sentence SENTENCE]
word_count.py: error: argument --sentence: expected one argument</msg>
<var>${result}</var>
<arg>${command} --sentence</arg>
<doc>Runs the given command in the system and returns the output.</doc>
<status status="PASS" start="2025-08-22T18:18:11.868910" elapsed="0.082905"/>
</kw>
<kw name="Should Contain" owner="BuiltIn">
<arg>${result}</arg>
<arg>usage: word_count.py [-h] [--sentence SENTENCE]</arg>
<doc>Fails if ``container`` does not contain ``item`` one or more times.</doc>
<status status="PASS" start="2025-08-22T18:18:11.951815" elapsed="0.001005"/>
</kw>
<kw name="Should Contain" owner="BuiltIn">
<arg>${result}</arg>
<arg>word_count.py: error: argument --sentence: expected one argument</arg>
<doc>Fails if ``container`` does not contain ``item`` one or more times.</doc>
<status status="PASS" start="2025-08-22T18:18:11.952820" elapsed="0.001055"/>
</kw>
<doc>To check by without passing sentence</doc>
<tag>count</tag>
<status status="PASS" start="2025-08-22T18:18:11.866554" elapsed="0.087321"/>
</test>
<test id="s1-s1-s1-s1-t5" name="To check by passing numbers in place of sentence" line="56">
<kw name="Run" owner="OperatingSystem">
<msg time="2025-08-22T18:18:11.965881" level="INFO">Running command 'python C:/PycharmProjects/bharath/testing-classes/word_count.py --sentence "12 122 122 1222 12 122 122 12" 2&gt;&amp;1'.</msg>
<msg time="2025-08-22T18:18:12.035349" level="INFO">${result} = word: 12
word: 122
word: 122
word: 1222
word: 12
word: 122
word: 122
word: 12
total words: 8</msg>
<var>${result}</var>
<arg>${command} --sentence "12 122 122 1222 12 122 122 12"</arg>
<doc>Runs the given command in the system and returns the output.</doc>
<status status="PASS" start="2025-08-22T18:18:11.958228" elapsed="0.077121"/>
</kw>
<kw name="Should Contain" owner="BuiltIn">
<arg>${result}</arg>
<arg>word: 12</arg>
<doc>Fails if ``container`` does not contain ``item`` one or more times.</doc>
<status status="PASS" start="2025-08-22T18:18:12.035349" elapsed="0.001072"/>
</kw>
<kw name="Should Contain" owner="BuiltIn">
<arg>${result}</arg>
<arg>total words: 8</arg>
<doc>Fails if ``container`` does not contain ``item`` one or more times.</doc>
<status status="PASS" start="2025-08-22T18:18:12.036421" elapsed="0.000000"/>
</kw>
<doc>to check by passing numbers in place of sentence</doc>
<tag>count</tag>
<status status="PASS" start="2025-08-22T18:18:11.955910" elapsed="0.080511"/>
</test>
<status status="PASS" start="2025-08-22T18:18:11.441586" elapsed="0.597439"/>
</suite>
<status status="PASS" start="2025-08-22T18:18:11.436815" elapsed="0.604961"/>
</suite>
<status status="PASS" start="2025-08-22T18:18:11.433716" elapsed="0.610126"/>
</suite>
<status status="PASS" start="2025-08-22T18:18:11.403279" elapsed="0.641568"/>
</suite>
<statistics>
<total>
<stat pass="5" fail="0" skip="0">All Tests</stat>
</total>
<tag>
<stat pass="5" fail="0" skip="0">count</stat>
</tag>
<suite>
<stat name="Testing-Classes" id="s1" pass="5" fail="0" skip="0">Testing-Classes</stat>
<stat name="Tests" id="s1-s1" pass="5" fail="0" skip="0">Testing-Classes.Tests</stat>
<stat name="Robot" id="s1-s1-s1" pass="5" fail="0" skip="0">Testing-Classes.Tests.Robot</stat>
<stat name="Word Count" id="s1-s1-s1-s1" pass="5" fail="0" skip="0">Testing-Classes.Tests.Robot.Word Count</stat>
</suite>
</statistics>
<errors>
</errors>
</robot>
